<?xml version="1.0" encoding="UTF-8"?>
<testng-results skipped="0" failed="0" ignored="0" total="3" passed="3">
  <reporter-output>
  </reporter-output>
  <suite name="Default suite" duration-ms="4139" started-at="2019-04-25T05:30:54Z" finished-at="2019-04-25T05:30:58Z">
    <groups>
    </groups>
    <test name="Default test" duration-ms="4139" started-at="2019-04-25T05:30:54Z" finished-at="2019-04-25T05:30:58Z">
      <class name="BasicApiTest">
        <test-method status="PASS" signature="setup()[pri:0, instance:BasicApiTest@46d56d67]" name="setup" is-config="true" duration-ms="605" started-at="2019-04-25T11:00:54Z" finished-at="2019-04-25T11:00:54Z">
          <reporter-output>
          </reporter-output>
        </test-method> <!-- setup -->
        <test-method status="PASS" signature="T01_StatusCodeTest()[pri:0, instance:BasicApiTest@46d56d67]" name="T01_StatusCodeTest" duration-ms="1841" started-at="2019-04-25T11:00:54Z" finished-at="2019-04-25T11:00:56Z">
          <reporter-output>
          </reporter-output>
        </test-method> <!-- T01_StatusCodeTest -->
        <test-method status="PASS" signature="T02_GetClients()[pri:0, instance:BasicApiTest@46d56d67]" name="T02_GetClients" duration-ms="714" started-at="2019-04-25T11:00:56Z" finished-at="2019-04-25T11:00:57Z">
          <reporter-output>
          </reporter-output>
        </test-method> <!-- T02_GetClients -->
        <test-method status="PASS" signature="T03_GetAndroidModelPackageOptions()[pri:0, instance:BasicApiTest@46d56d67]" name="T03_GetAndroidModelPackageOptions" duration-ms="942" started-at="2019-04-25T11:00:57Z" finished-at="2019-04-25T11:00:58Z">
          <reporter-output>
          </reporter-output>
        </test-method> <!-- T03_GetAndroidModelPackageOptions -->
        <test-method status="PASS" signature="afterTest()[pri:0, instance:BasicApiTest@46d56d67]" name="afterTest" is-config="true" duration-ms="0" started-at="2019-04-25T11:00:58Z" finished-at="2019-04-25T11:00:58Z">
          <reporter-output>
          </reporter-output>
        </test-method> <!-- afterTest -->
      </class> <!-- BasicApiTest -->
    </test> <!-- Default test -->
  </suite> <!-- Default suite -->
</testng-results>
