<?xml version="1.0" encoding="UTF-8"?>
<testng-results skipped="0" failed="0" total="1" passed="1">
  <reporter-output>
  </reporter-output>
  <suite name="Default suite" duration-ms="3625" started-at="2019-04-25T12:50:56Z" finished-at="2019-04-25T12:50:59Z">
    <groups>
    </groups>
    <test name="Default test" duration-ms="3625" started-at="2019-04-25T12:50:56Z" finished-at="2019-04-25T12:50:59Z">
      <class name="TestFramework.basics">
        <test-method status="PASS" signature="getPlaceAPI()" name="getPlaceAPI" duration-ms="3599" started-at="2019-04-25T12:50:56Z" finished-at="2019-04-25T12:50:59Z">
        </test-method>
      </class>
    </test>
  </suite>
</testng-results>
